INFO 2020-08-13 23:25:28,068 autoreload 578 Watching for file changes with StatReloader
INFO 2020-08-13 23:25:32,405 basehttp 154 "GET / HTTP/1.1" 200 16348
INFO 2020-08-13 23:25:32,432 basehttp 154 "GET /static/admin/css/fonts.css HTTP/1.1" 304 0
INFO 2020-08-13 23:25:32,513 basehttp 154 "GET /static/admin/fonts/Roboto-Bold-webfont.woff HTTP/1.1" 304 0
INFO 2020-08-13 23:25:32,513 basehttp 154 "GET /static/admin/fonts/Roboto-Regular-webfont.woff HTTP/1.1" 304 0
INFO 2020-08-13 23:25:32,513 basehttp 154 "GET /static/admin/fonts/Roboto-Light-webfont.woff HTTP/1.1" 304 0
INFO 2020-08-15 09:38:16,855 autoreload 578 Watching for file changes with StatReloader
INFO 2020-08-15 09:40:46,638 autoreload 578 Watching for file changes with StatReloader
INFO 2020-08-15 09:42:01,904 basehttp 154 "GET / HTTP/1.1" 200 16348
INFO 2020-08-15 09:42:01,959 basehttp 154 "GET /static/admin/css/fonts.css HTTP/1.1" 200 423
INFO 2020-08-15 09:42:02,058 basehttp 154 "GET /static/admin/fonts/Roboto-Bold-webfont.woff HTTP/1.1" 200 86184
INFO 2020-08-15 09:42:02,059 basehttp 154 "GET /static/admin/fonts/Roboto-Regular-webfont.woff HTTP/1.1" 200 85876
INFO 2020-08-15 09:42:02,059 basehttp 154 "GET /static/admin/fonts/Roboto-Light-webfont.woff HTTP/1.1" 200 85692
WARNING 2020-08-15 09:42:02,110 log 222 Not Found: /favicon.ico
WARNING 2020-08-15 09:42:02,110 basehttp 154 "GET /favicon.ico HTTP/1.1" 404 1975
INFO 2020-08-15 09:42:03,460 basehttp 154 "GET / HTTP/1.1" 200 16348
INFO 2020-08-15 14:39:39,627 autoreload 578 Watching for file changes with StatReloader
ERROR 2020-08-15 14:40:08,515 exception 75 Invalid HTTP_HOST header: 'api.luffycity.cn:8000'. You may need to add 'api.luffycity.cn' to ALLOWED_HOSTS.
ERROR 2020-08-15 14:40:08,522 basehttp 154 "GET / HTTP/1.1" 500 59
ERROR 2020-08-15 14:40:08,656 exception 75 Invalid HTTP_HOST header: 'api.luffycity.cn:8000'. You may need to add 'api.luffycity.cn' to ALLOWED_HOSTS.
ERROR 2020-08-15 14:40:08,659 basehttp 154 "GET /favicon.ico HTTP/1.1" 500 59
INFO 2020-08-15 14:41:26,815 autoreload 578 Watching for file changes with StatReloader
ERROR 2020-08-15 14:41:28,494 exception 75 Invalid HTTP_HOST header: 'api.luffycity.cn:8000'. You may need to add 'api.luffycity.cn' to ALLOWED_HOSTS.
ERROR 2020-08-15 14:41:28,497 basehttp 154 "GET / HTTP/1.1" 500 59
ERROR 2020-08-15 14:41:28,585 exception 75 Invalid HTTP_HOST header: 'api.luffycity.cn:8000'. You may need to add 'api.luffycity.cn' to ALLOWED_HOSTS.
ERROR 2020-08-15 14:41:28,588 basehttp 154 "GET /favicon.ico HTTP/1.1" 500 59
INFO 2020-08-15 14:41:41,992 autoreload 203 D:\Progress Files\python_venv\luffy_venv\Lib\site-packages\django\views\debug.py changed, reloading.
INFO 2020-08-15 14:41:42,409 autoreload 578 Watching for file changes with StatReloader
ERROR 2020-08-15 14:42:16,020 exception 75 Invalid HTTP_HOST header: 'api.luffycity.cn:8000'. You may need to add 'api.luffycity.cn' to ALLOWED_HOSTS.
ERROR 2020-08-15 14:42:16,023 basehttp 154 "GET / HTTP/1.1" 500 59
ERROR 2020-08-15 14:42:16,137 exception 75 Invalid HTTP_HOST header: 'api.luffycity.cn:8000'. You may need to add 'api.luffycity.cn' to ALLOWED_HOSTS.
ERROR 2020-08-15 14:42:16,139 basehttp 154 "GET /favicon.ico HTTP/1.1" 500 59
INFO 2020-08-15 14:43:14,372 autoreload 578 Watching for file changes with StatReloader
ERROR 2020-08-15 14:43:21,563 exception 75 Invalid HTTP_HOST header: 'api.luffycity.cn:8000'. You may need to add 'api.luffycity.cn' to ALLOWED_HOSTS.
WARNING 2020-08-15 14:43:21,587 log 222 Bad Request: /
WARNING 2020-08-15 14:43:21,587 basehttp 154 "GET / HTTP/1.1" 400 66097
ERROR 2020-08-15 14:43:21,798 exception 75 Invalid HTTP_HOST header: 'api.luffycity.cn:8000'. You may need to add 'api.luffycity.cn' to ALLOWED_HOSTS.
WARNING 2020-08-15 14:43:21,826 log 222 Bad Request: /favicon.ico
WARNING 2020-08-15 14:43:21,827 basehttp 154 "GET /favicon.ico HTTP/1.1" 400 66008
INFO 2020-08-15 14:44:00,624 autoreload 203 G:\资料\python\python_basis\luffy_city\面试前准备及练习\luffy\luffy_api\luffy_api\settings\dev.py changed, reloading.
INFO 2020-08-15 14:44:01,037 autoreload 578 Watching for file changes with StatReloader
INFO 2020-08-15 14:44:20,544 autoreload 203 G:\资料\python\python_basis\luffy_city\面试前准备及练习\luffy\luffy_api\luffy_api\settings\dev.py changed, reloading.
INFO 2020-08-15 14:44:20,964 autoreload 578 Watching for file changes with StatReloader
INFO 2020-08-15 14:44:26,490 autoreload 203 G:\资料\python\python_basis\luffy_city\面试前准备及练习\luffy\luffy_api\luffy_api\settings\dev.py changed, reloading.
INFO 2020-08-15 14:44:26,900 autoreload 578 Watching for file changes with StatReloader
INFO 2020-08-15 14:44:31,413 autoreload 578 Watching for file changes with StatReloader
ERROR 2020-08-15 14:44:33,981 exception 75 Invalid HTTP_HOST header: 'api.luffycity.cn:8000'. You may need to add 'api.luffycity.cn' to ALLOWED_HOSTS.
WARNING 2020-08-15 14:44:34,003 log 222 Bad Request: /
WARNING 2020-08-15 14:44:34,004 basehttp 154 "GET / HTTP/1.1" 400 66164
ERROR 2020-08-15 14:44:34,157 exception 75 Invalid HTTP_HOST header: 'api.luffycity.cn:8000'. You may need to add 'api.luffycity.cn' to ALLOWED_HOSTS.
WARNING 2020-08-15 14:44:34,185 log 222 Bad Request: /favicon.ico
WARNING 2020-08-15 14:44:34,186 basehttp 154 "GET /favicon.ico HTTP/1.1" 400 66336
INFO 2020-08-15 14:45:02,673 autoreload 578 Watching for file changes with StatReloader
INFO 2020-08-15 14:45:03,423 basehttp 154 "GET / HTTP/1.1" 200 16348
INFO 2020-08-15 14:45:03,449 basehttp 154 "GET /static/admin/css/fonts.css HTTP/1.1" 200 423
INFO 2020-08-15 14:45:03,541 basehttp 154 "GET /static/admin/fonts/Roboto-Regular-webfont.woff HTTP/1.1" 200 85876
INFO 2020-08-15 14:45:03,541 basehttp 154 "GET /static/admin/fonts/Roboto-Bold-webfont.woff HTTP/1.1" 200 86184
INFO 2020-08-15 14:45:03,541 basehttp 154 "GET /static/admin/fonts/Roboto-Light-webfont.woff HTTP/1.1" 200 85692
WARNING 2020-08-15 14:45:03,576 log 222 Not Found: /favicon.ico
WARNING 2020-08-15 14:45:03,576 basehttp 154 "GET /favicon.ico HTTP/1.1" 404 1982
INFO 2020-08-15 19:02:01,297 autoreload 578 Watching for file changes with StatReloader
INFO 2020-08-15 19:05:26,098 autoreload 578 Watching for file changes with StatReloader
INFO 2020-08-15 19:06:02,883 autoreload 578 Watching for file changes with StatReloader
WARNING 2020-08-15 19:06:12,683 log 222 Not Found: /
WARNING 2020-08-15 19:06:12,684 basehttp 154 "GET / HTTP/1.1" 404 2055
INFO 2020-08-15 19:07:35,112 autoreload 203 G:\资料\python\python_basis\luffy_city\面试前准备及练习\luffy\luffy_api\luffy_api\settings\dev.py changed, reloading.
INFO 2020-08-15 19:07:35,502 autoreload 578 Watching for file changes with StatReloader
INFO 2020-08-15 19:07:39,411 autoreload 578 Watching for file changes with StatReloader
WARNING 2020-08-15 19:07:45,754 log 222 Not Found: /
WARNING 2020-08-15 19:07:45,754 basehttp 154 "GET / HTTP/1.1" 404 2055
WARNING 2020-08-15 19:08:11,530 log 222 Not Found: /
WARNING 2020-08-15 19:08:11,530 basehttp 154 "GET / HTTP/1.1" 404 2055
INFO 2020-08-15 19:09:18,991 autoreload 578 Watching for file changes with StatReloader
WARNING 2020-08-15 19:09:22,219 log 222 Not Found: /
WARNING 2020-08-15 19:09:22,220 basehttp 154 "GET / HTTP/1.1" 404 2055
WARNING 2020-08-15 19:09:23,529 log 222 Not Found: /
WARNING 2020-08-15 19:09:23,529 basehttp 154 "GET / HTTP/1.1" 404 2055
WARNING 2020-08-15 19:09:23,699 log 222 Not Found: /
WARNING 2020-08-15 19:09:23,699 basehttp 154 "GET / HTTP/1.1" 404 2055
WARNING 2020-08-15 19:09:23,873 log 222 Not Found: /
WARNING 2020-08-15 19:09:23,873 basehttp 154 "GET / HTTP/1.1" 404 2055
WARNING 2020-08-15 19:09:24,056 log 222 Not Found: /
WARNING 2020-08-15 19:09:24,057 basehttp 154 "GET / HTTP/1.1" 404 2055
WARNING 2020-08-15 19:09:24,233 log 222 Not Found: /
WARNING 2020-08-15 19:09:24,233 basehttp 154 "GET / HTTP/1.1" 404 2055
WARNING 2020-08-15 19:09:24,384 log 222 Not Found: /
WARNING 2020-08-15 19:09:24,385 basehttp 154 "GET / HTTP/1.1" 404 2055
INFO 2020-08-15 19:10:15,682 autoreload 203 G:\资料\python\python_basis\luffy_city\面试前准备及练习\luffy\luffy_api\luffy_api\settings\dev.py changed, reloading.
INFO 2020-08-15 19:10:16,091 autoreload 578 Watching for file changes with StatReloader
INFO 2020-08-15 19:10:19,545 autoreload 203 G:\资料\python\python_basis\luffy_city\面试前准备及练习\luffy\luffy_api\luffy_api\urls.py changed, reloading.
INFO 2020-08-15 19:10:19,936 autoreload 578 Watching for file changes with StatReloader
INFO 2020-08-15 19:10:20,234 basehttp 154 "GET / HTTP/1.1" 200 16348
INFO 2020-08-15 19:10:20,254 basehttp 154 "GET /static/admin/css/fonts.css HTTP/1.1" 200 423
INFO 2020-08-15 19:10:20,361 basehttp 154 "GET /static/admin/fonts/Roboto-Regular-webfont.woff HTTP/1.1" 200 85876
INFO 2020-08-15 19:10:20,361 basehttp 154 "GET /static/admin/fonts/Roboto-Bold-webfont.woff HTTP/1.1" 200 86184
INFO 2020-08-15 19:10:20,361 basehttp 154 "GET /static/admin/fonts/Roboto-Light-webfont.woff HTTP/1.1" 200 85692
INFO 2020-08-15 19:10:59,919 autoreload 578 Watching for file changes with StatReloader
INFO 2020-08-15 19:11:20,304 autoreload 578 Watching for file changes with StatReloader
INFO 2020-08-15 19:13:52,164 autoreload 578 Watching for file changes with StatReloader
WARNING 2020-08-15 19:14:02,219 log 222 Not Found: /
WARNING 2020-08-15 19:14:02,219 basehttp 154 "GET / HTTP/1.1" 404 2055
INFO 2020-08-15 19:14:18,127 autoreload 578 Watching for file changes with StatReloader
WARNING 2020-08-15 19:14:19,892 log 222 Not Found: /
WARNING 2020-08-15 19:14:19,893 basehttp 154 "GET / HTTP/1.1" 404 2056
WARNING 2020-08-15 19:14:21,207 log 222 Not Found: /
WARNING 2020-08-15 19:14:21,208 basehttp 154 "GET / HTTP/1.1" 404 2056
INFO 2020-08-15 19:14:44,343 autoreload 578 Watching for file changes with StatReloader
WARNING 2020-08-15 19:14:47,259 log 222 Not Found: /
WARNING 2020-08-15 19:14:47,260 basehttp 154 "GET / HTTP/1.1" 404 2056
INFO 2020-08-15 19:14:59,680 autoreload 203 G:\资料\python\python_basis\luffy_city\面试前准备及练习\luffy\luffy_api\luffy_api\urls.py changed, reloading.
INFO 2020-08-15 19:15:00,104 autoreload 578 Watching for file changes with StatReloader
INFO 2020-08-15 21:22:12,062 autoreload 578 Watching for file changes with StatReloader
INFO 2020-08-15 21:22:55,520 basehttp 154 "GET /banner HTTP/1.1" 301 0
ERROR 2020-08-15 21:22:55,574 log 222 Internal Server Error: /banner/
Traceback (most recent call last):
  File "D:\Progress Files\python_venv\luffy_venv\lib\site-packages\django\core\handlers\exception.py", line 34, in inner
    response = get_response(request)
  File "D:\Progress Files\python_venv\luffy_venv\lib\site-packages\django\core\handlers\base.py", line 115, in _get_response
    response = self.process_exception_by_middleware(e, request)
  File "D:\Progress Files\python_venv\luffy_venv\lib\site-packages\django\core\handlers\base.py", line 113, in _get_response
    response = wrapped_callback(request, *callback_args, **callback_kwargs)
  File "D:\Progress Files\python_venv\luffy_venv\lib\site-packages\django\views\decorators\csrf.py", line 54, in wrapped_view
    return view_func(*args, **kwargs)
  File "D:\Progress Files\python_venv\luffy_venv\lib\site-packages\django\views\generic\base.py", line 71, in view
    return self.dispatch(request, *args, **kwargs)
  File "D:\Progress Files\python_venv\luffy_venv\lib\site-packages\rest_framework\views.py", line 505, in dispatch
    response = self.handle_exception(exc)
  File "D:\Progress Files\python_venv\luffy_venv\lib\site-packages\rest_framework\views.py", line 465, in handle_exception
    self.raise_uncaught_exception(exc)
  File "D:\Progress Files\python_venv\luffy_venv\lib\site-packages\rest_framework\views.py", line 476, in raise_uncaught_exception
    raise exc
  File "D:\Progress Files\python_venv\luffy_venv\lib\site-packages\rest_framework\views.py", line 502, in dispatch
    response = handler(request, *args, **kwargs)
  File "D:\Progress Files\python_venv\luffy_venv\lib\site-packages\rest_framework\generics.py", line 199, in get
    return self.list(request, *args, **kwargs)
  File "D:\Progress Files\python_venv\luffy_venv\lib\site-packages\rest_framework\mixins.py", line 46, in list
    return Response(serializer.data)
  File "D:\Progress Files\python_venv\luffy_venv\lib\site-packages\rest_framework\serializers.py", line 760, in data
    ret = super().data
  File "D:\Progress Files\python_venv\luffy_venv\lib\site-packages\rest_framework\serializers.py", line 260, in data
    self._data = self.to_representation(self.instance)
  File "D:\Progress Files\python_venv\luffy_venv\lib\site-packages\rest_framework\serializers.py", line 677, in to_representation
    return [
  File "D:\Progress Files\python_venv\luffy_venv\lib\site-packages\django\db\models\query.py", line 274, in __iter__
    self._fetch_all()
  File "D:\Progress Files\python_venv\luffy_venv\lib\site-packages\django\db\models\query.py", line 1242, in _fetch_all
    self._result_cache = list(self._iterable_class(self))
  File "D:\Progress Files\python_venv\luffy_venv\lib\site-packages\django\db\models\query.py", line 55, in __iter__
    results = compiler.execute_sql(chunked_fetch=self.chunked_fetch, chunk_size=self.chunk_size)
  File "D:\Progress Files\python_venv\luffy_venv\lib\site-packages\django\db\models\sql\compiler.py", line 1084, in execute_sql
    sql, params = self.as_sql()
  File "D:\Progress Files\python_venv\luffy_venv\lib\site-packages\django\db\models\sql\compiler.py", line 471, in as_sql
    extra_select, order_by, group_by = self.pre_sql_setup()
  File "D:\Progress Files\python_venv\luffy_venv\lib\site-packages\django\db\models\sql\compiler.py", line 54, in pre_sql_setup
    order_by = self.get_order_by()
  File "D:\Progress Files\python_venv\luffy_venv\lib\site-packages\django\db\models\sql\compiler.py", line 327, in get_order_by
    order_by.extend(self.find_ordering_name(
  File "D:\Progress Files\python_venv\luffy_venv\lib\site-packages\django\db\models\sql\compiler.py", line 701, in find_ordering_name
    field, targets, alias, joins, path, opts, transform_function = self._setup_joins(pieces, opts, alias)
  File "D:\Progress Files\python_venv\luffy_venv\lib\site-packages\django\db\models\sql\compiler.py", line 731, in _setup_joins
    field, targets, opts, joins, path, transform_function = self.query.setup_joins(pieces, opts, alias)
  File "D:\Progress Files\python_venv\luffy_venv\lib\site-packages\django\db\models\sql\query.py", line 1503, in setup_joins
    path, final_field, targets, rest = self.names_to_path(
  File "D:\Progress Files\python_venv\luffy_venv\lib\site-packages\django\db\models\sql\query.py", line 1419, in names_to_path
    raise FieldError("Cannot resolve keyword '%s' into field. "
django.core.exceptions.FieldError: Cannot resolve keyword 'order' into field. Choices are: id, image_url, is_deleted, is_show, link, orders, remark, title
ERROR 2020-08-15 21:22:55,581 basehttp 154 "GET /banner/ HTTP/1.1" 500 164742
INFO 2020-08-15 21:23:14,783 autoreload 578 Watching for file changes with StatReloader
INFO 2020-08-15 21:23:33,984 autoreload 578 Watching for file changes with StatReloader
INFO 2020-08-15 21:23:34,291 basehttp 154 "GET /banner/ HTTP/1.1" 200 5192
INFO 2020-08-15 21:23:34,321 basehttp 154 "GET /static/rest_framework/css/default.css HTTP/1.1" 200 1131
INFO 2020-08-15 21:23:34,321 basehttp 154 "GET /static/rest_framework/css/bootstrap-tweaks.css HTTP/1.1" 200 3385
INFO 2020-08-15 21:23:34,322 basehttp 154 "GET /static/rest_framework/css/prettify.css HTTP/1.1" 200 817
INFO 2020-08-15 21:23:34,322 basehttp 154 "GET /static/rest_framework/css/bootstrap.min.css HTTP/1.1" 200 121457
INFO 2020-08-15 21:23:34,331 basehttp 154 "GET /static/rest_framework/js/ajax-form.js HTTP/1.1" 200 3597
INFO 2020-08-15 21:23:34,332 basehttp 154 "GET /static/rest_framework/js/csrf.js HTTP/1.1" 200 1719
INFO 2020-08-15 21:23:34,333 basehttp 154 "GET /static/rest_framework/js/bootstrap.min.js HTTP/1.1" 200 39680
INFO 2020-08-15 21:23:34,333 basehttp 154 "GET /static/rest_framework/js/jquery-3.4.1.min.js HTTP/1.1" 200 88145
INFO 2020-08-15 21:23:34,334 basehttp 154 "GET /static/rest_framework/js/default.js HTTP/1.1" 200 1268
INFO 2020-08-15 21:23:34,335 basehttp 154 "GET /static/rest_framework/js/prettify-min.js HTTP/1.1" 200 13632
INFO 2020-08-15 21:23:34,400 basehttp 154 "GET /static/rest_framework/img/grid.png HTTP/1.1" 200 1458
INFO 2020-08-16 00:06:59,282 autoreload 203 G:\资料\python\python_basis\luffy_city\面试前准备及练习\luffy\luffy_api\luffy_api\apps\home\views.py changed, reloading.
INFO 2020-08-16 00:06:59,732 autoreload 578 Watching for file changes with StatReloader
INFO 2020-08-16 00:20:00,580 autoreload 578 Watching for file changes with StatReloader
INFO 2020-08-16 00:20:08,873 basehttp 154 "GET /xadmin/ HTTP/1.1" 200 4151
INFO 2020-08-16 00:20:08,916 basehttp 154 "GET /static/xadmin/css/xadmin.responsive.css HTTP/1.1" 200 4361
INFO 2020-08-16 00:20:08,916 basehttp 154 "GET /static/xadmin/css/themes/bootstrap-xadmin.css HTTP/1.1" 200 1888
INFO 2020-08-16 00:20:08,916 basehttp 154 "GET /static/xadmin/css/xadmin.plugins.css HTTP/1.1" 200 175
INFO 2020-08-16 00:20:08,917 basehttp 154 "GET /static/xadmin/css/xadmin.main.css HTTP/1.1" 200 8376
INFO 2020-08-16 00:20:08,917 basehttp 154 "GET /static/xadmin/vendor/font-awesome/css/font-awesome.css HTTP/1.1" 200 21658
INFO 2020-08-16 00:20:08,918 basehttp 154 "GET /static/xadmin/vendor/bootstrap/css/bootstrap.css HTTP/1.1" 200 126432
INFO 2020-08-16 00:20:08,926 basehttp 154 "GET /static/xadmin/vendor/jquery-ui/jquery.ui.mouse.js HTTP/1.1" 200 4561
INFO 2020-08-16 00:20:08,928 basehttp 154 "GET /static/xadmin/vendor/jquery-ui/jquery.ui.core.js HTTP/1.1" 200 8195
INFO 2020-08-16 00:20:08,928 basehttp 154 "GET /static/xadmin/vendor/jquery-ui/jquery.ui.widget.js HTTP/1.1" 200 15069
INFO 2020-08-16 00:20:08,930 basehttp 154 "GET /static/xadmin/vendor/jquery-ui/jquery.ui.sortable.js HTTP/1.1" 200 42543
INFO 2020-08-16 00:20:08,936 basehttp 154 "GET /xadmin/jsi18n/ HTTP/1.1" 200 4158
INFO 2020-08-16 00:20:08,937 basehttp 154 "GET /static/xadmin/js/xadmin.main.js HTTP/1.1" 200 3401
INFO 2020-08-16 00:20:08,937 basehttp 154 "GET /static/xadmin/js/xadmin.responsive.js HTTP/1.1" 200 4165
INFO 2020-08-16 00:20:08,937 basehttp 154 "GET /static/xadmin/vendor/bootstrap/js/bootstrap.js HTTP/1.1" 200 58327
INFO 2020-08-16 00:20:08,938 basehttp 154 "GET /static/xadmin/vendor/jquery/jquery.js HTTP/1.1" 200 240196
INFO 2020-08-16 00:20:09,031 basehttp 154 "GET /static/xadmin/vendor/font-awesome/fonts/fontawesome-webfont.woff?v=4.0.3 HTTP/1.1" 200 44432
INFO 2020-08-16 00:21:19,943 basehttp 154 "POST /xadmin/ HTTP/1.1" 302 0
INFO 2020-08-16 00:21:19,968 basehttp 154 "GET /xadmin/ HTTP/1.1" 200 9819
INFO 2020-08-16 00:21:20,010 basehttp 154 "GET /static/xadmin/css/themes/bootstrap-xadmin.css HTTP/1.1" 304 0
INFO 2020-08-16 00:21:20,010 basehttp 154 "GET /static/xadmin/css/xadmin.main.css HTTP/1.1" 304 0
INFO 2020-08-16 00:21:20,010 basehttp 154 "GET /static/xadmin/vendor/font-awesome/css/font-awesome.css HTTP/1.1" 304 0
INFO 2020-08-16 00:21:20,010 basehttp 154 "GET /static/xadmin/css/xadmin.plugins.css HTTP/1.1" 304 0
INFO 2020-08-16 00:21:20,010 basehttp 154 "GET /static/xadmin/css/xadmin.responsive.css HTTP/1.1" 304 0
INFO 2020-08-16 00:21:20,011 basehttp 154 "GET /static/xadmin/vendor/bootstrap/css/bootstrap.css HTTP/1.1" 304 0
INFO 2020-08-16 00:21:20,019 basehttp 154 "GET /static/xadmin/vendor/jquery/jquery.js HTTP/1.1" 304 0
INFO 2020-08-16 00:21:20,020 basehttp 154 "GET /static/xadmin/css/xadmin.page.dashboard.css HTTP/1.1" 200 790
INFO 2020-08-16 00:21:20,020 basehttp 154 "GET /static/xadmin/vendor/jquery-ui/jquery.ui.widget.js HTTP/1.1" 304 0
INFO 2020-08-16 00:21:20,021 basehttp 154 "GET /static/xadmin/vendor/jquery-ui/jquery.ui.core.js HTTP/1.1" 304 0
INFO 2020-08-16 00:21:20,022 basehttp 154 "GET /static/xadmin/vendor/jquery-ui/jquery.ui.mouse.js HTTP/1.1" 304 0
INFO 2020-08-16 00:21:20,028 basehttp 154 "GET /static/xadmin/vendor/jquery-ui/jquery.ui.sortable.js HTTP/1.1" 304 0
INFO 2020-08-16 00:21:20,028 basehttp 154 "GET /static/xadmin/vendor/bootstrap/js/bootstrap.js HTTP/1.1" 304 0
INFO 2020-08-16 00:21:20,028 basehttp 154 "GET /static/xadmin/js/xadmin.main.js HTTP/1.1" 304 0
INFO 2020-08-16 00:21:20,030 basehttp 154 "GET /static/xadmin/js/xadmin.page.dashboard.js HTTP/1.1" 200 3208
INFO 2020-08-16 00:21:20,030 basehttp 154 "GET /static/xadmin/js/xadmin.plugin.portal.js HTTP/1.1" 200 1000
INFO 2020-08-16 00:21:20,032 basehttp 154 "GET /static/xadmin/js/xadmin.responsive.js HTTP/1.1" 304 0
INFO 2020-08-16 00:21:20,033 basehttp 154 "GET /xadmin/jsi18n/ HTTP/1.1" 200 7722
INFO 2020-08-16 00:21:20,103 basehttp 154 "GET /static/xadmin/vendor/font-awesome/fonts/fontawesome-webfont.woff?v=4.0.3 HTTP/1.1" 304 0
INFO 2020-08-16 00:21:34,445 basehttp 154 "GET /xadmin/auth/user/ HTTP/1.1" 200 29373
INFO 2020-08-16 00:21:34,474 basehttp 154 "GET /static/xadmin/css/xadmin.form.css HTTP/1.1" 200 3763
INFO 2020-08-16 00:21:34,484 basehttp 154 "GET /static/xadmin/js/xadmin.page.list.js HTTP/1.1" 200 1105
INFO 2020-08-16 00:21:34,485 basehttp 154 "GET /static/xadmin/js/xadmin.plugin.details.js HTTP/1.1" 200 2319
INFO 2020-08-16 00:21:34,485 basehttp 154 "GET /static/xadmin/js/xadmin.plugin.bookmark.js HTTP/1.1" 200 529
INFO 2020-08-16 00:21:34,486 basehttp 154 "GET /static/xadmin/js/xadmin.plugin.actions.js HTTP/1.1" 200 4198
INFO 2020-08-16 00:21:34,487 basehttp 154 "GET /static/xadmin/js/xadmin.plugin.filters.js HTTP/1.1" 200 1990
INFO 2020-08-16 00:21:34,491 basehttp 154 "GET /xadmin/jsi18n/ HTTP/1.1" 200 7722
INFO 2020-08-16 00:21:34,492 basehttp 154 "GET /static/xadmin/js/xadmin.page.form.js HTTP/1.1" 200 1948
INFO 2020-08-16 00:23:23,033 autoreload 203 G:\资料\python\python_basis\luffy_city\面试前准备及练习\luffy\luffy_api\luffy_api\urls.py changed, reloading.
INFO 2020-08-16 00:23:23,812 autoreload 578 Watching for file changes with StatReloader
INFO 2020-08-16 00:23:49,185 autoreload 578 Watching for file changes with StatReloader
INFO 2020-08-16 00:25:00,856 autoreload 578 Watching for file changes with StatReloader
INFO 2020-08-16 00:26:52,015 autoreload 578 Watching for file changes with StatReloader
INFO 2020-08-16 00:29:29,713 autoreload 578 Watching for file changes with StatReloader
INFO 2020-08-16 00:29:39,982 basehttp 154 "GET /xadmin/auth/user/ HTTP/1.1" 200 33907
INFO 2020-08-16 00:29:40,026 basehttp 154 "GET /static/xadmin/css/themes/bootstrap-xadmin.css HTTP/1.1" 304 0
INFO 2020-08-16 00:29:40,027 basehttp 154 "GET /static/xadmin/vendor/font-awesome/css/font-awesome.css HTTP/1.1" 304 0
INFO 2020-08-16 00:29:40,027 basehttp 154 "GET /static/xadmin/vendor/bootstrap/css/bootstrap.css HTTP/1.1" 304 0
INFO 2020-08-16 00:29:40,028 basehttp 154 "GET /static/xadmin/css/xadmin.main.css HTTP/1.1" 304 0
INFO 2020-08-16 00:29:40,029 basehttp 154 "GET /static/xadmin/css/xadmin.plugins.css HTTP/1.1" 304 0
INFO 2020-08-16 00:29:40,030 basehttp 154 "GET /static/xadmin/css/xadmin.responsive.css HTTP/1.1" 304 0
INFO 2020-08-16 00:29:40,034 basehttp 154 "GET /static/xadmin/vendor/jquery/jquery.js HTTP/1.1" 304 0
INFO 2020-08-16 00:29:40,038 basehttp 154 "GET /static/xadmin/vendor/jquery-ui/jquery.ui.core.js HTTP/1.1" 304 0
INFO 2020-08-16 00:29:40,038 basehttp 154 "GET /static/xadmin/css/xadmin.form.css HTTP/1.1" 304 0
INFO 2020-08-16 00:29:40,041 basehttp 154 "GET /static/xadmin/vendor/jquery-ui/jquery.ui.mouse.js HTTP/1.1" 304 0
INFO 2020-08-16 00:29:40,041 basehttp 154 "GET /static/xadmin/vendor/jquery-ui/jquery.ui.widget.js HTTP/1.1" 304 0
INFO 2020-08-16 00:29:40,044 basehttp 154 "GET /static/xadmin/vendor/jquery-ui/jquery.ui.sortable.js HTTP/1.1" 304 0
INFO 2020-08-16 00:29:40,045 basehttp 154 "GET /xadmin/jsi18n/ HTTP/1.1" 200 7722
INFO 2020-08-16 00:29:40,047 basehttp 154 "GET /static/xadmin/vendor/bootstrap/js/bootstrap.js HTTP/1.1" 304 0
INFO 2020-08-16 00:29:40,048 basehttp 154 "GET /static/xadmin/js/xadmin.main.js HTTP/1.1" 304 0
INFO 2020-08-16 00:29:40,050 basehttp 154 "GET /static/xadmin/js/xadmin.responsive.js HTTP/1.1" 304 0
INFO 2020-08-16 00:29:40,050 basehttp 154 "GET /static/xadmin/js/xadmin.plugin.details.js HTTP/1.1" 304 0
INFO 2020-08-16 00:29:40,052 basehttp 154 "GET /static/xadmin/vendor/jquery-ui/jquery.ui.effect.js HTTP/1.1" 200 31918
INFO 2020-08-16 00:29:40,052 basehttp 154 "GET /static/xadmin/js/xadmin.plugin.bookmark.js HTTP/1.1" 304 0
INFO 2020-08-16 00:29:40,053 basehttp 154 "GET /static/xadmin/js/xadmin.plugin.filters.js HTTP/1.1" 304 0
INFO 2020-08-16 00:29:40,055 basehttp 154 "GET /static/xadmin/js/xadmin.plugin.themes.js HTTP/1.1" 200 3489
INFO 2020-08-16 00:29:40,056 basehttp 154 "GET /static/xadmin/js/xadmin.plugin.actions.js HTTP/1.1" 304 0
INFO 2020-08-16 00:29:40,056 basehttp 154 "GET /static/xadmin/js/xadmin.page.list.js HTTP/1.1" 304 0
INFO 2020-08-16 00:29:40,056 basehttp 154 "GET /static/xadmin/js/xadmin.page.form.js HTTP/1.1" 304 0
INFO 2020-08-16 00:29:40,188 basehttp 154 "GET /static/xadmin/vendor/font-awesome/fonts/fontawesome-webfont.woff?v=4.0.3 HTTP/1.1" 304 0
INFO 2020-08-16 00:30:04,895 basehttp 154 "GET /xadmin/reversion/revision/ HTTP/1.1" 200 29008
INFO 2020-08-16 00:30:04,924 basehttp 154 "GET /static/xadmin/vendor/bootstrap-datepicker/css/datepicker.css HTTP/1.1" 200 10225
INFO 2020-08-16 00:30:04,928 basehttp 154 "GET /static/xadmin/vendor/selectize/selectize.bootstrap3.css HTTP/1.1" 200 10602
INFO 2020-08-16 00:30:04,928 basehttp 154 "GET /static/xadmin/vendor/selectize/selectize.css HTTP/1.1" 200 8425
INFO 2020-08-16 00:30:04,928 basehttp 154 "GET /static/xadmin/vendor/select2/select2.css HTTP/1.1" 200 19226
INFO 2020-08-16 00:30:04,943 basehttp 154 "GET /static/xadmin/vendor/select2/select2_locale_zh-Hans.js HTTP/1.1" 200 694
INFO 2020-08-16 00:30:04,945 basehttp 154 "GET /static/xadmin/vendor/bootstrap-datepicker/js/bootstrap-datepicker.js HTTP/1.1" 200 32656
INFO 2020-08-16 00:30:04,945 basehttp 154 "GET /static/xadmin/js/xadmin.widget.datetime.js HTTP/1.1" 200 2979
INFO 2020-08-16 00:30:04,948 basehttp 154 "GET /static/xadmin/vendor/selectize/selectize.js HTTP/1.1" 200 98602
INFO 2020-08-16 00:30:04,948 basehttp 154 "GET /static/xadmin/vendor/select2/select2.js HTTP/1.1" 200 104906
INFO 2020-08-16 00:30:04,948 basehttp 154 "GET /xadmin/jsi18n/ HTTP/1.1" 200 7722
INFO 2020-08-16 00:30:04,949 basehttp 154 "GET /static/xadmin/js/xadmin.widget.select.js HTTP/1.1" 200 1344
INFO 2020-08-16 00:30:23,700 basehttp 154 "GET /xadmin/xadmin/log/ HTTP/1.1" 200 30170
INFO 2020-08-16 00:30:23,751 basehttp 154 "GET /xadmin/jsi18n/ HTTP/1.1" 200 7722
INFO 2020-08-16 00:30:27,996 basehttp 154 "GET /xadmin/home/banner/ HTTP/1.1" 200 24049
INFO 2020-08-16 00:30:28,041 basehttp 154 "GET /xadmin/jsi18n/ HTTP/1.1" 200 7722
INFO 2020-08-16 00:31:21,260 basehttp 154 "GET /xadmin/home/banner/ HTTP/1.1" 200 24049
INFO 2020-08-16 00:31:21,291 basehttp 154 "GET /static/xadmin/vendor/bootstrap/css/bootstrap.css HTTP/1.1" 304 0
INFO 2020-08-16 00:31:21,297 basehttp 154 "GET /static/xadmin/css/themes/bootstrap-xadmin.css HTTP/1.1" 304 0
INFO 2020-08-16 00:31:21,297 basehttp 154 "GET /static/xadmin/css/xadmin.plugins.css HTTP/1.1" 304 0
INFO 2020-08-16 00:31:21,298 basehttp 154 "GET /static/xadmin/css/xadmin.responsive.css HTTP/1.1" 304 0
INFO 2020-08-16 00:31:21,298 basehttp 154 "GET /static/xadmin/css/xadmin.main.css HTTP/1.1" 304 0
INFO 2020-08-16 00:31:21,298 basehttp 154 "GET /static/xadmin/css/xadmin.form.css HTTP/1.1" 304 0
INFO 2020-08-16 00:31:21,299 basehttp 154 "GET /static/xadmin/vendor/font-awesome/css/font-awesome.css HTTP/1.1" 304 0
INFO 2020-08-16 00:31:21,305 basehttp 154 "GET /static/xadmin/vendor/jquery/jquery.js HTTP/1.1" 304 0
INFO 2020-08-16 00:31:21,306 basehttp 154 "GET /static/xadmin/vendor/jquery-ui/jquery.ui.widget.js HTTP/1.1" 304 0
INFO 2020-08-16 00:31:21,307 basehttp 154 "GET /static/xadmin/vendor/jquery-ui/jquery.ui.core.js HTTP/1.1" 304 0
INFO 2020-08-16 00:31:21,308 basehttp 154 "GET /static/xadmin/vendor/jquery-ui/jquery.ui.mouse.js HTTP/1.1" 304 0
INFO 2020-08-16 00:31:21,310 basehttp 154 "GET /static/xadmin/vendor/jquery-ui/jquery.ui.sortable.js HTTP/1.1" 304 0
INFO 2020-08-16 00:31:21,313 basehttp 154 "GET /xadmin/jsi18n/ HTTP/1.1" 200 7722
INFO 2020-08-16 00:31:21,313 basehttp 154 "GET /static/xadmin/vendor/bootstrap/js/bootstrap.js HTTP/1.1" 304 0
INFO 2020-08-16 00:31:21,314 basehttp 154 "GET /static/xadmin/js/xadmin.main.js HTTP/1.1" 304 0
INFO 2020-08-16 00:31:21,315 basehttp 154 "GET /static/xadmin/js/xadmin.responsive.js HTTP/1.1" 304 0
INFO 2020-08-16 00:31:21,316 basehttp 154 "GET /static/xadmin/vendor/jquery-ui/jquery.ui.effect.js HTTP/1.1" 304 0
INFO 2020-08-16 00:31:21,316 basehttp 154 "GET /static/xadmin/js/xadmin.plugin.details.js HTTP/1.1" 304 0
INFO 2020-08-16 00:31:21,319 basehttp 154 "GET /static/xadmin/js/xadmin.page.list.js HTTP/1.1" 304 0
INFO 2020-08-16 00:31:21,319 basehttp 154 "GET /static/xadmin/js/xadmin.plugin.bookmark.js HTTP/1.1" 304 0
INFO 2020-08-16 00:31:21,319 basehttp 154 "GET /static/xadmin/js/xadmin.plugin.filters.js HTTP/1.1" 304 0
INFO 2020-08-16 00:31:21,320 basehttp 154 "GET /static/xadmin/js/xadmin.plugin.themes.js HTTP/1.1" 304 0
INFO 2020-08-16 00:31:21,320 basehttp 154 "GET /static/xadmin/js/xadmin.page.form.js HTTP/1.1" 304 0
INFO 2020-08-16 00:31:21,386 basehttp 154 "GET /static/xadmin/vendor/font-awesome/fonts/fontawesome-webfont.woff?v=4.0.3 HTTP/1.1" 304 0
INFO 2020-08-16 00:31:22,118 basehttp 154 "GET /xadmin/home/banner/ HTTP/1.1" 200 24049
INFO 2020-08-16 00:31:22,154 basehttp 154 "GET /xadmin/jsi18n/ HTTP/1.1" 200 7722
INFO 2020-08-16 00:37:10,397 autoreload 203 G:\资料\python\python_basis\luffy_city\面试前准备及练习\luffy\luffy_api\luffy_api\apps\home\models.py changed, reloading.
INFO 2020-08-16 00:37:11,168 autoreload 578 Watching for file changes with StatReloader
INFO 2020-08-16 00:38:10,547 autoreload 203 G:\资料\python\python_basis\luffy_city\面试前准备及练习\luffy\luffy_api\luffy_api\apps\home\models.py changed, reloading.
INFO 2020-08-16 00:38:11,295 autoreload 578 Watching for file changes with StatReloader
INFO 2020-08-16 00:38:23,639 autoreload 203 G:\资料\python\python_basis\luffy_city\面试前准备及练习\luffy\luffy_api\luffy_api\apps\home\models.py changed, reloading.
INFO 2020-08-16 00:38:24,401 autoreload 578 Watching for file changes with StatReloader
INFO 2020-08-16 00:38:46,665 autoreload 203 G:\资料\python\python_basis\luffy_city\面试前准备及练习\luffy\luffy_api\luffy_api\apps\home\models.py changed, reloading.
INFO 2020-08-16 00:38:47,467 autoreload 578 Watching for file changes with StatReloader
INFO 2020-08-16 00:39:29,804 basehttp 154 "GET /xadmin/home/banner/add/ HTTP/1.1" 200 19798
INFO 2020-08-16 00:39:29,847 basehttp 154 "GET /static/xadmin/css/xadmin.main.css HTTP/1.1" 304 0
INFO 2020-08-16 00:39:29,847 basehttp 154 "GET /static/xadmin/vendor/bootstrap/css/bootstrap.css HTTP/1.1" 304 0
INFO 2020-08-16 00:39:29,847 basehttp 154 "GET /static/xadmin/vendor/font-awesome/css/font-awesome.css HTTP/1.1" 304 0
INFO 2020-08-16 00:39:29,847 basehttp 154 "GET /static/xadmin/css/themes/bootstrap-xadmin.css HTTP/1.1" 304 0
INFO 2020-08-16 00:39:29,847 basehttp 154 "GET /static/xadmin/css/xadmin.plugins.css HTTP/1.1" 304 0
INFO 2020-08-16 00:39:29,849 basehttp 154 "GET /static/xadmin/css/xadmin.responsive.css HTTP/1.1" 304 0
INFO 2020-08-16 00:39:29,855 basehttp 154 "GET /static/xadmin/css/xadmin.form.css HTTP/1.1" 304 0
INFO 2020-08-16 00:39:29,857 basehttp 154 "GET /static/xadmin/vendor/jquery/jquery.js HTTP/1.1" 304 0
INFO 2020-08-16 00:39:29,858 basehttp 154 "GET /static/xadmin/vendor/bootstrap-image-gallery/css/bootstrap-image-gallery.css HTTP/1.1" 200 3339
INFO 2020-08-16 00:39:29,858 basehttp 154 "GET /static/xadmin/vendor/jquery-ui/jquery.ui.core.js HTTP/1.1" 304 0
INFO 2020-08-16 00:39:29,859 basehttp 154 "GET /static/xadmin/vendor/jquery-ui/jquery.ui.widget.js HTTP/1.1" 304 0
INFO 2020-08-16 00:39:29,863 basehttp 154 "GET /xadmin/jsi18n/ HTTP/1.1" 200 7722
INFO 2020-08-16 00:39:29,864 basehttp 154 "GET /static/xadmin/vendor/jquery-ui/jquery.ui.mouse.js HTTP/1.1" 304 0
INFO 2020-08-16 00:39:29,866 basehttp 154 "GET /static/xadmin/vendor/jquery-ui/jquery.ui.sortable.js HTTP/1.1" 304 0
INFO 2020-08-16 00:39:29,866 basehttp 154 "GET /static/xadmin/vendor/bootstrap/js/bootstrap.js HTTP/1.1" 304 0
INFO 2020-08-16 00:39:29,866 basehttp 154 "GET /static/xadmin/js/xadmin.main.js HTTP/1.1" 304 0
INFO 2020-08-16 00:39:29,868 basehttp 154 "GET /static/xadmin/js/xadmin.responsive.js HTTP/1.1" 304 0
INFO 2020-08-16 00:39:29,871 basehttp 154 "GET /static/xadmin/vendor/load-image/load-image.js HTTP/1.1" 200 8309
INFO 2020-08-16 00:39:29,871 basehttp 154 "GET /static/xadmin/js/xadmin.plugin.portal.js HTTP/1.1" 200 1000
INFO 2020-08-16 00:39:29,872 basehttp 154 "GET /static/xadmin/js/xadmin.plugin.themes.js HTTP/1.1" 304 0
INFO 2020-08-16 00:39:29,872 basehttp 154 "GET /static/xadmin/vendor/jquery-ui/jquery.ui.effect.js HTTP/1.1" 304 0
INFO 2020-08-16 00:39:29,873 basehttp 154 "GET /static/xadmin/js/xadmin.page.form.js HTTP/1.1" 304 0
INFO 2020-08-16 00:39:29,873 basehttp 154 "GET /static/xadmin/vendor/bootstrap-image-gallery/js/bootstrap-image-gallery.js HTTP/1.1" 200 15611
INFO 2020-08-16 00:39:29,968 basehttp 154 "GET /static/xadmin/vendor/font-awesome/fonts/fontawesome-webfont.woff?v=4.0.3 HTTP/1.1" 304 0
INFO 2020-08-16 00:41:12,812 basehttp 154 "POST /xadmin/home/banner/add/ HTTP/1.1" 302 0
INFO 2020-08-16 00:41:12,857 basehttp 154 "GET /xadmin/home/banner/ HTTP/1.1" 200 28076
INFO 2020-08-16 00:41:12,899 basehttp 154 "GET /static/xadmin/js/xadmin.plugin.filters.js HTTP/1.1" 304 0
INFO 2020-08-16 00:41:12,899 basehttp 154 "GET /static/xadmin/js/xadmin.plugin.bookmark.js HTTP/1.1" 304 0
INFO 2020-08-16 00:41:12,900 basehttp 154 "GET /static/xadmin/js/xadmin.page.list.js HTTP/1.1" 304 0
INFO 2020-08-16 00:41:12,900 basehttp 154 "GET /static/xadmin/js/xadmin.plugin.details.js HTTP/1.1" 304 0
INFO 2020-08-16 00:41:12,901 basehttp 154 "GET /static/xadmin/js/xadmin.plugin.actions.js HTTP/1.1" 304 0
INFO 2020-08-16 00:41:12,904 basehttp 154 "GET /xadmin/jsi18n/ HTTP/1.1" 200 7722
INFO 2020-08-16 00:43:50,243 basehttp 154 "GET /xadmin/home/banner/1/update/ HTTP/1.1" 200 20309
INFO 2020-08-16 00:43:50,273 basehttp 154 "GET /static/xadmin/vendor/bootstrap/css/bootstrap.css HTTP/1.1" 304 0
INFO 2020-08-16 00:43:50,274 basehttp 154 "GET /static/xadmin/css/themes/bootstrap-xadmin.css HTTP/1.1" 304 0
INFO 2020-08-16 00:43:50,274 basehttp 154 "GET /static/xadmin/css/xadmin.main.css HTTP/1.1" 304 0
INFO 2020-08-16 00:43:50,274 basehttp 154 "GET /static/xadmin/css/xadmin.responsive.css HTTP/1.1" 304 0
INFO 2020-08-16 00:43:50,274 basehttp 154 "GET /static/xadmin/vendor/font-awesome/css/font-awesome.css HTTP/1.1" 304 0
INFO 2020-08-16 00:43:50,274 basehttp 154 "GET /static/xadmin/css/xadmin.plugins.css HTTP/1.1" 304 0
INFO 2020-08-16 00:43:50,277 basehttp 154 "GET /static/xadmin/vendor/bootstrap-image-gallery/css/bootstrap-image-gallery.css HTTP/1.1" 304 0
INFO 2020-08-16 00:43:50,279 basehttp 154 "GET /static/xadmin/css/xadmin.form.css HTTP/1.1" 304 0
INFO 2020-08-16 00:43:50,280 basehttp 154 "GET /static/xadmin/vendor/jquery/jquery.js HTTP/1.1" 304 0
INFO 2020-08-16 00:43:50,284 basehttp 154 "GET /xadmin/jsi18n/ HTTP/1.1" 200 7722
INFO 2020-08-16 00:43:50,324 basehttp 154 "GET /static/xadmin/vendor/jquery-ui/jquery.ui.core.js HTTP/1.1" 304 0
INFO 2020-08-16 00:43:50,334 basehttp 154 "GET /static/xadmin/vendor/jquery-ui/jquery.ui.widget.js HTTP/1.1" 304 0
INFO 2020-08-16 00:43:50,336 basehttp 154 "GET /static/xadmin/vendor/jquery-ui/jquery.ui.mouse.js HTTP/1.1" 304 0
INFO 2020-08-16 00:43:50,338 basehttp 154 "GET /static/xadmin/vendor/jquery-ui/jquery.ui.sortable.js HTTP/1.1" 304 0
INFO 2020-08-16 00:43:50,338 basehttp 154 "GET /static/xadmin/js/xadmin.main.js HTTP/1.1" 304 0
INFO 2020-08-16 00:43:50,339 basehttp 154 "GET /static/xadmin/js/xadmin.responsive.js HTTP/1.1" 304 0
INFO 2020-08-16 00:43:50,339 basehttp 154 "GET /static/xadmin/vendor/jquery-ui/jquery.ui.effect.js HTTP/1.1" 304 0
INFO 2020-08-16 00:43:50,339 basehttp 154 "GET /static/xadmin/vendor/bootstrap/js/bootstrap.js HTTP/1.1" 304 0
INFO 2020-08-16 00:43:50,340 basehttp 154 "GET /static/xadmin/vendor/load-image/load-image.js HTTP/1.1" 304 0
INFO 2020-08-16 00:43:50,346 basehttp 154 "GET /static/xadmin/js/xadmin.plugin.portal.js HTTP/1.1" 304 0
INFO 2020-08-16 00:43:50,346 basehttp 154 "GET /static/xadmin/vendor/bootstrap-image-gallery/js/bootstrap-image-gallery.js HTTP/1.1" 304 0
INFO 2020-08-16 00:43:50,346 basehttp 154 "GET /static/xadmin/js/xadmin.plugin.themes.js HTTP/1.1" 304 0
INFO 2020-08-16 00:43:50,346 basehttp 154 "GET /static/xadmin/js/xadmin.page.form.js HTTP/1.1" 304 0
INFO 2020-08-16 00:43:50,347 basehttp 154 "GET /media/banner/alex.jpeg HTTP/1.1" 200 93636
INFO 2020-08-16 00:43:50,363 basehttp 154 "GET /static/xadmin/vendor/font-awesome/fonts/fontawesome-webfont.woff?v=4.0.3 HTTP/1.1" 304 0
INFO 2020-08-16 00:43:59,098 basehttp 154 "POST /xadmin/home/banner/1/update/ HTTP/1.1" 302 0
INFO 2020-08-16 00:43:59,143 basehttp 154 "GET /xadmin/home/banner/ HTTP/1.1" 200 28014
INFO 2020-08-16 00:43:59,185 basehttp 154 "GET /static/xadmin/js/xadmin.plugin.bookmark.js HTTP/1.1" 304 0
INFO 2020-08-16 00:43:59,185 basehttp 154 "GET /static/xadmin/js/xadmin.plugin.filters.js HTTP/1.1" 304 0
INFO 2020-08-16 00:43:59,186 basehttp 154 "GET /static/xadmin/js/xadmin.page.list.js HTTP/1.1" 304 0
INFO 2020-08-16 00:43:59,186 basehttp 154 "GET /static/xadmin/js/xadmin.plugin.actions.js HTTP/1.1" 304 0
INFO 2020-08-16 00:43:59,187 basehttp 154 "GET /static/xadmin/js/xadmin.plugin.details.js HTTP/1.1" 304 0
INFO 2020-08-16 00:43:59,189 basehttp 154 "GET /xadmin/jsi18n/ HTTP/1.1" 200 7722
INFO 2020-08-16 00:44:02,563 basehttp 154 "GET /xadmin/home/banner/1/update/ HTTP/1.1" 200 20333
INFO 2020-08-16 00:44:02,604 basehttp 154 "GET /xadmin/jsi18n/ HTTP/1.1" 200 7722
INFO 2020-08-16 00:44:02,635 basehttp 154 "GET /media/banner/alex_XLp8z9l.jpeg HTTP/1.1" 200 93636
INFO 2020-08-16 00:44:38,760 basehttp 154 "GET /xadmin/home/banner/ HTTP/1.1" 200 27773
INFO 2020-08-16 00:44:38,799 basehttp 154 "GET /xadmin/jsi18n/ HTTP/1.1" 200 7722
INFO 2020-08-16 00:44:40,573 basehttp 154 "GET /xadmin/home/banner/ HTTP/1.1" 200 27773
INFO 2020-08-16 00:44:40,623 basehttp 154 "GET /xadmin/jsi18n/ HTTP/1.1" 200 7722
INFO 2020-08-16 00:44:42,452 basehttp 154 "GET /xadmin/home/banner/1/update/ HTTP/1.1" 200 20333
INFO 2020-08-16 00:44:42,486 basehttp 154 "GET /xadmin/jsi18n/ HTTP/1.1" 200 7722
INFO 2020-08-16 00:44:42,522 basehttp 154 "GET /media/banner/alex_XLp8z9l.jpeg HTTP/1.1" 304 0
INFO 2020-08-16 00:46:20,722 autoreload 203 G:\资料\python\python_basis\luffy_city\面试前准备及练习\luffy\luffy_api\luffy_api\apps\home\models.py changed, reloading.
INFO 2020-08-16 00:46:21,471 autoreload 578 Watching for file changes with StatReloader
INFO 2020-08-16 00:46:29,426 basehttp 154 "GET /xadmin/home/banner/1/update/ HTTP/1.1" 200 20286
INFO 2020-08-16 00:46:29,459 basehttp 154 "GET /xadmin/jsi18n/ HTTP/1.1" 200 7722
INFO 2020-08-16 00:46:29,501 basehttp 154 "GET /media/banner/alex_XLp8z9l.jpeg HTTP/1.1" 304 0
INFO 2020-08-16 00:46:30,685 basehttp 154 "POST /xadmin/home/banner/1/update/ HTTP/1.1" 302 0
INFO 2020-08-16 00:46:30,728 basehttp 154 "GET /xadmin/home/banner/ HTTP/1.1" 200 28014
INFO 2020-08-16 00:46:30,771 basehttp 154 "GET /xadmin/jsi18n/ HTTP/1.1" 200 7722
INFO 2020-08-16 00:46:32,513 basehttp 154 "GET /xadmin/home/banner/1/update/ HTTP/1.1" 200 20286
INFO 2020-08-16 00:46:32,565 basehttp 154 "GET /xadmin/jsi18n/ HTTP/1.1" 200 7722
INFO 2020-08-16 00:46:36,041 basehttp 154 "POST /xadmin/home/banner/1/update/ HTTP/1.1" 302 0
INFO 2020-08-16 00:46:36,084 basehttp 154 "GET /xadmin/home/banner/ HTTP/1.1" 200 28014
INFO 2020-08-16 00:46:36,120 basehttp 154 "GET /static/xadmin/vendor/bootstrap/css/bootstrap.css HTTP/1.1" 304 0
INFO 2020-08-16 00:46:36,120 basehttp 154 "GET /static/xadmin/css/xadmin.main.css HTTP/1.1" 304 0
INFO 2020-08-16 00:46:36,120 basehttp 154 "GET /static/xadmin/css/themes/bootstrap-xadmin.css HTTP/1.1" 304 0
INFO 2020-08-16 00:46:36,121 basehttp 154 "GET /static/xadmin/css/xadmin.responsive.css HTTP/1.1" 304 0
INFO 2020-08-16 00:46:36,121 basehttp 154 "GET /static/xadmin/css/xadmin.plugins.css HTTP/1.1" 304 0
INFO 2020-08-16 00:46:36,121 basehttp 154 "GET /static/xadmin/vendor/font-awesome/css/font-awesome.css HTTP/1.1" 304 0
INFO 2020-08-16 00:46:36,122 basehttp 154 "GET /static/xadmin/css/xadmin.form.css HTTP/1.1" 304 0
INFO 2020-08-16 00:46:36,142 basehttp 154 "GET /static/xadmin/vendor/jquery-ui/jquery.ui.core.js HTTP/1.1" 304 0
INFO 2020-08-16 00:46:36,142 basehttp 154 "GET /static/xadmin/vendor/jquery-ui/jquery.ui.mouse.js HTTP/1.1" 304 0
INFO 2020-08-16 00:46:36,143 basehttp 154 "GET /static/xadmin/vendor/jquery-ui/jquery.ui.sortable.js HTTP/1.1" 304 0
INFO 2020-08-16 00:46:36,143 basehttp 154 "GET /static/xadmin/vendor/jquery/jquery.js HTTP/1.1" 304 0
INFO 2020-08-16 00:46:36,144 basehttp 154 "GET /static/xadmin/vendor/jquery-ui/jquery.ui.widget.js HTTP/1.1" 304 0
INFO 2020-08-16 00:46:36,149 basehttp 154 "GET /xadmin/jsi18n/ HTTP/1.1" 200 7722
INFO 2020-08-16 00:46:36,150 basehttp 154 "GET /static/xadmin/js/xadmin.main.js HTTP/1.1" 304 0
INFO 2020-08-16 00:46:36,151 basehttp 154 "GET /static/xadmin/vendor/bootstrap/js/bootstrap.js HTTP/1.1" 304 0
INFO 2020-08-16 00:46:36,151 basehttp 154 "GET /static/xadmin/js/xadmin.responsive.js HTTP/1.1" 304 0
INFO 2020-08-16 00:46:36,151 basehttp 154 "GET /static/xadmin/vendor/jquery-ui/jquery.ui.effect.js HTTP/1.1" 304 0
INFO 2020-08-16 00:46:36,152 basehttp 154 "GET /static/xadmin/js/xadmin.plugin.themes.js HTTP/1.1" 304 0
INFO 2020-08-16 00:46:36,152 basehttp 154 "GET /static/xadmin/js/xadmin.page.form.js HTTP/1.1" 304 0
INFO 2020-08-16 00:46:36,187 basehttp 154 "GET /static/xadmin/vendor/font-awesome/fonts/fontawesome-webfont.woff?v=4.0.3 HTTP/1.1" 304 0
INFO 2020-08-16 00:46:42,681 basehttp 154 "GET /xadmin/home/banner/1/update/ HTTP/1.1" 200 20286
INFO 2020-08-16 00:46:42,706 basehttp 154 "GET /static/xadmin/vendor/bootstrap-image-gallery/css/bootstrap-image-gallery.css HTTP/1.1" 304 0
INFO 2020-08-16 00:46:42,722 basehttp 154 "GET /xadmin/jsi18n/ HTTP/1.1" 200 7722
INFO 2020-08-16 00:46:42,745 basehttp 154 "GET /static/xadmin/vendor/load-image/load-image.js HTTP/1.1" 304 0
INFO 2020-08-16 00:46:42,745 basehttp 154 "GET /static/xadmin/js/xadmin.plugin.portal.js HTTP/1.1" 304 0
INFO 2020-08-16 00:46:42,748 basehttp 154 "GET /static/xadmin/vendor/bootstrap-image-gallery/js/bootstrap-image-gallery.js HTTP/1.1" 304 0
INFO 2020-08-16 00:46:44,572 basehttp 154 "POST /xadmin/home/banner/1/update/ HTTP/1.1" 302 0
INFO 2020-08-16 00:46:44,614 basehttp 154 "GET /xadmin/home/banner/ HTTP/1.1" 200 28014
INFO 2020-08-16 00:46:44,671 basehttp 154 "GET /xadmin/jsi18n/ HTTP/1.1" 200 7722
INFO 2020-08-16 00:46:47,795 basehttp 154 "GET /xadmin/home/banner/1/update/ HTTP/1.1" 200 20286
INFO 2020-08-16 00:46:47,837 basehttp 154 "GET /xadmin/jsi18n/ HTTP/1.1" 200 7722
INFO 2020-08-16 00:46:47,858 basehttp 154 "GET /media/banner/alex_XLp8z9l.jpeg HTTP/1.1" 304 0
INFO 2020-08-16 00:46:52,964 basehttp 154 "POST /xadmin/home/banner/1/update/ HTTP/1.1" 302 0
INFO 2020-08-16 00:46:53,012 basehttp 154 "GET /xadmin/home/banner/ HTTP/1.1" 200 28014
INFO 2020-08-16 00:46:53,060 basehttp 154 "GET /static/xadmin/js/xadmin.plugin.bookmark.js HTTP/1.1" 304 0
INFO 2020-08-16 00:46:53,061 basehttp 154 "GET /static/xadmin/js/xadmin.plugin.filters.js HTTP/1.1" 304 0
INFO 2020-08-16 00:46:53,061 basehttp 154 "GET /static/xadmin/js/xadmin.page.list.js HTTP/1.1" 304 0
INFO 2020-08-16 00:46:53,061 basehttp 154 "GET /static/xadmin/js/xadmin.plugin.actions.js HTTP/1.1" 304 0
INFO 2020-08-16 00:46:53,061 basehttp 154 "GET /static/xadmin/js/xadmin.plugin.details.js HTTP/1.1" 304 0
INFO 2020-08-16 00:46:53,063 basehttp 154 "GET /xadmin/jsi18n/ HTTP/1.1" 200 7722
INFO 2020-08-16 00:46:55,594 basehttp 154 "GET /xadmin/home/banner/add/ HTTP/1.1" 200 19751
INFO 2020-08-16 00:46:55,635 basehttp 154 "GET /xadmin/jsi18n/ HTTP/1.1" 200 7722
INFO 2020-08-16 00:47:33,158 basehttp 154 "POST /xadmin/home/banner/add/ HTTP/1.1" 302 0
INFO 2020-08-16 00:47:33,206 basehttp 154 "GET /xadmin/home/banner/ HTTP/1.1" 200 28669
INFO 2020-08-16 00:47:33,252 basehttp 154 "GET /xadmin/jsi18n/ HTTP/1.1" 200 7722
INFO 2020-08-16 00:47:50,239 basehttp 154 "GET /banner/ HTTP/1.1" 200 5855
INFO 2020-08-16 00:47:50,265 basehttp 154 "GET /static/rest_framework/css/prettify.css HTTP/1.1" 200 817
INFO 2020-08-16 00:47:50,265 basehttp 154 "GET /static/rest_framework/css/bootstrap-tweaks.css HTTP/1.1" 200 3385
INFO 2020-08-16 00:47:50,265 basehttp 154 "GET /static/rest_framework/css/default.css HTTP/1.1" 200 1131
INFO 2020-08-16 00:47:50,266 basehttp 154 "GET /static/rest_framework/css/bootstrap.min.css HTTP/1.1" 200 121457
INFO 2020-08-16 00:47:50,293 basehttp 154 "GET /static/rest_framework/js/ajax-form.js HTTP/1.1" 200 3597
INFO 2020-08-16 00:47:50,293 basehttp 154 "GET /static/rest_framework/js/prettify-min.js HTTP/1.1" 200 13632
INFO 2020-08-16 00:47:50,293 basehttp 154 "GET /static/rest_framework/js/default.js HTTP/1.1" 200 1268
INFO 2020-08-16 00:47:50,293 basehttp 154 "GET /static/rest_framework/js/csrf.js HTTP/1.1" 200 1719
INFO 2020-08-16 00:47:50,294 basehttp 154 "GET /static/rest_framework/js/bootstrap.min.js HTTP/1.1" 200 39680
INFO 2020-08-16 00:47:50,294 basehttp 154 "GET /static/rest_framework/js/jquery-3.4.1.min.js HTTP/1.1" 200 88145
INFO 2020-08-16 00:47:50,351 basehttp 154 "GET /static/rest_framework/img/grid.png HTTP/1.1" 200 1458
INFO 2020-08-16 00:47:51,946 basehttp 154 "GET /xadmin/home/banner/ HTTP/1.1" 200 28365
INFO 2020-08-16 00:47:54,018 basehttp 154 "GET /xadmin/home/banner/add/ HTTP/1.1" 200 19751
INFO 2020-08-16 00:47:54,066 basehttp 154 "GET /xadmin/jsi18n/ HTTP/1.1" 200 7722
INFO 2020-08-16 00:48:21,169 basehttp 154 "POST /xadmin/home/banner/add/ HTTP/1.1" 302 0
INFO 2020-08-16 00:48:21,218 basehttp 154 "GET /xadmin/home/banner/ HTTP/1.1" 200 29260
INFO 2020-08-16 00:48:21,262 basehttp 154 "GET /xadmin/jsi18n/ HTTP/1.1" 200 7722
INFO 2020-08-16 00:48:26,428 basehttp 154 "GET /banner/ HTTP/1.1" 200 5855
INFO 2020-08-16 00:48:27,914 basehttp 154 "GET /xadmin/home/banner/ HTTP/1.1" 200 28956
INFO 2020-08-16 00:48:29,506 basehttp 154 "GET /xadmin/home/banner/1/update/ HTTP/1.1" 200 20286
INFO 2020-08-16 00:48:29,543 basehttp 154 "GET /xadmin/jsi18n/ HTTP/1.1" 200 7722
INFO 2020-08-16 00:48:29,574 basehttp 154 "GET /media/banner/alex_XLp8z9l.jpeg HTTP/1.1" 304 0
INFO 2020-08-16 00:48:36,267 basehttp 154 "GET /xadmin/home/banner/ HTTP/1.1" 200 28956
INFO 2020-08-16 00:48:37,953 basehttp 154 "GET /xadmin/home/banner/3/update/ HTTP/1.1" 200 20259
INFO 2020-08-16 00:48:37,998 basehttp 154 "GET /xadmin/jsi18n/ HTTP/1.1" 200 7722
INFO 2020-08-16 00:48:38,021 basehttp 154 "GET /media/banner/banner2.png HTTP/1.1" 200 24322
INFO 2020-08-16 00:48:43,247 basehttp 154 "POST /xadmin/home/banner/3/update/ HTTP/1.1" 302 0
INFO 2020-08-16 00:48:43,314 basehttp 154 "GET /xadmin/home/banner/ HTTP/1.1" 200 29198
INFO 2020-08-16 00:48:43,367 basehttp 154 "GET /xadmin/jsi18n/ HTTP/1.1" 200 7722
INFO 2020-08-16 00:48:48,707 basehttp 154 "GET /banner/ HTTP/1.1" 200 5855
INFO 2020-08-16 00:48:49,977 basehttp 154 "GET /xadmin/home/banner/ HTTP/1.1" 200 28957
INFO 2020-08-16 00:50:14,262 autoreload 203 G:\资料\python\python_basis\luffy_city\面试前准备及练习\luffy\luffy_api\luffy_api\apps\home\models.py changed, reloading.
INFO 2020-08-16 00:50:15,048 autoreload 578 Watching for file changes with StatReloader
INFO 2020-08-16 00:50:43,948 autoreload 578 Watching for file changes with StatReloader
INFO 2020-08-16 00:51:00,263 basehttp 154 "GET /banner/ HTTP/1.1" 200 5855
INFO 2020-08-16 00:51:13,139 basehttp 154 "GET /banner/ HTTP/1.1" 200 5855
INFO 2020-08-16 00:51:19,228 autoreload 578 Watching for file changes with StatReloader
INFO 2020-08-16 00:52:19,367 autoreload 578 Watching for file changes with StatReloader
INFO 2020-08-16 00:52:46,163 autoreload 578 Watching for file changes with StatReloader
INFO 2020-08-16 00:52:51,752 basehttp 154 "GET /banner/ HTTP/1.1" 200 5855
INFO 2020-08-16 00:53:24,801 basehttp 154 "GET /xadmin/ HTTP/1.1" 200 4354
INFO 2020-08-16 00:53:24,811 basehttp 154 "GET /static/xadmin/css/xadmin.responsive.css HTTP/1.1" 200 4361
INFO 2020-08-16 00:53:24,811 basehttp 154 "GET /static/xadmin/css/xadmin.main.css HTTP/1.1" 200 8376
INFO 2020-08-16 00:53:24,811 basehttp 154 "GET /static/xadmin/css/themes/bootstrap-xadmin.css HTTP/1.1" 200 1888
INFO 2020-08-16 00:53:24,813 basehttp 154 "GET /static/xadmin/vendor/font-awesome/css/font-awesome.css HTTP/1.1" 200 21658
INFO 2020-08-16 00:53:24,817 basehttp 154 "GET /static/xadmin/vendor/bootstrap/css/bootstrap.css HTTP/1.1" 200 126432
INFO 2020-08-16 00:53:24,819 basehttp 154 "GET /static/xadmin/vendor/jquery-ui/jquery.ui.widget.js HTTP/1.1" 200 15069
INFO 2020-08-16 00:53:24,821 basehttp 154 "GET /static/xadmin/css/xadmin.plugins.css HTTP/1.1" 200 175
INFO 2020-08-16 00:53:24,824 basehttp 154 "GET /static/xadmin/vendor/jquery-ui/jquery.ui.sortable.js HTTP/1.1" 200 42543
INFO 2020-08-16 00:53:24,825 basehttp 154 "GET /static/xadmin/vendor/jquery/jquery.js HTTP/1.1" 200 240196
INFO 2020-08-16 00:53:24,828 basehttp 154 "GET /xadmin/jsi18n/ HTTP/1.1" 200 4361
INFO 2020-08-16 00:53:24,829 basehttp 154 "GET /static/xadmin/vendor/jquery-ui/jquery.ui.core.js HTTP/1.1" 200 8195
INFO 2020-08-16 00:53:24,830 basehttp 154 "GET /static/xadmin/js/xadmin.main.js HTTP/1.1" 200 3401
INFO 2020-08-16 00:53:24,830 basehttp 154 "GET /static/xadmin/vendor/bootstrap/js/bootstrap.js HTTP/1.1" 200 58327
INFO 2020-08-16 00:53:24,831 basehttp 154 "GET /static/xadmin/vendor/jquery-ui/jquery.ui.mouse.js HTTP/1.1" 200 4561
INFO 2020-08-16 00:53:24,832 basehttp 154 "GET /static/xadmin/vendor/jquery-ui/jquery.ui.effect.js HTTP/1.1" 200 31918
INFO 2020-08-16 00:53:24,832 basehttp 154 "GET /static/xadmin/js/xadmin.plugin.themes.js HTTP/1.1" 200 3489
INFO 2020-08-16 00:53:24,832 basehttp 154 "GET /static/xadmin/js/xadmin.responsive.js HTTP/1.1" 200 4165
INFO 2020-08-16 00:53:24,842 basehttp 154 "GET /static/xadmin/vendor/font-awesome/fonts/fontawesome-webfont.woff?v=4.0.3 HTTP/1.1" 200 44432
INFO 2020-08-16 00:53:30,389 basehttp 154 "POST /xadmin/ HTTP/1.1" 302 0
INFO 2020-08-16 00:53:30,425 basehttp 154 "GET /xadmin/ HTTP/1.1" 200 14368
INFO 2020-08-16 00:53:30,435 basehttp 154 "GET /static/xadmin/js/xadmin.plugin.portal.js HTTP/1.1" 200 1000
INFO 2020-08-16 00:53:30,436 basehttp 154 "GET /static/xadmin/js/xadmin.page.dashboard.js HTTP/1.1" 200 3208
INFO 2020-08-16 00:53:30,436 basehttp 154 "GET /static/xadmin/css/xadmin.page.dashboard.css HTTP/1.1" 200 790
INFO 2020-08-16 00:53:30,438 basehttp 154 "GET /xadmin/jsi18n/ HTTP/1.1" 200 7722
INFO 2020-08-16 00:53:33,924 basehttp 154 "GET /xadmin/home/banner/ HTTP/1.1" 200 28957
INFO 2020-08-16 00:53:33,936 basehttp 154 "GET /static/xadmin/css/xadmin.form.css HTTP/1.1" 200 3763
INFO 2020-08-16 00:53:33,936 basehttp 154 "GET /static/xadmin/js/xadmin.page.list.js HTTP/1.1" 200 1105
INFO 2020-08-16 00:53:33,937 basehttp 154 "GET /static/xadmin/js/xadmin.plugin.bookmark.js HTTP/1.1" 200 529
INFO 2020-08-16 00:53:33,938 basehttp 154 "GET /static/xadmin/js/xadmin.plugin.details.js HTTP/1.1" 200 2319
INFO 2020-08-16 00:53:33,939 basehttp 154 "GET /static/xadmin/js/xadmin.page.form.js HTTP/1.1" 200 1948
INFO 2020-08-16 00:53:33,940 basehttp 154 "GET /xadmin/jsi18n/ HTTP/1.1" 200 7722
INFO 2020-08-16 00:53:33,941 basehttp 154 "GET /static/xadmin/js/xadmin.plugin.filters.js HTTP/1.1" 200 1990
INFO 2020-08-16 00:53:33,942 basehttp 154 "GET /static/xadmin/js/xadmin.plugin.actions.js HTTP/1.1" 200 4198
INFO 2020-08-16 00:53:37,540 basehttp 154 "GET /xadmin/home/banner/add/ HTTP/1.1" 200 19751
INFO 2020-08-16 00:53:37,550 basehttp 154 "GET /static/xadmin/vendor/load-image/load-image.js HTTP/1.1" 200 8309
INFO 2020-08-16 00:53:37,550 basehttp 154 "GET /static/xadmin/vendor/bootstrap-image-gallery/css/bootstrap-image-gallery.css HTTP/1.1" 200 3339
INFO 2020-08-16 00:53:37,550 basehttp 154 "GET /static/xadmin/vendor/bootstrap-image-gallery/js/bootstrap-image-gallery.js HTTP/1.1" 200 15611
INFO 2020-08-16 00:53:37,552 basehttp 154 "GET /xadmin/jsi18n/ HTTP/1.1" 200 7722
INFO 2020-08-16 00:54:10,611 basehttp 154 "POST /xadmin/home/banner/add/ HTTP/1.1" 302 0
INFO 2020-08-16 00:54:10,653 basehttp 154 "GET /xadmin/home/banner/ HTTP/1.1" 200 29853
INFO 2020-08-16 00:54:10,663 basehttp 154 "GET /xadmin/jsi18n/ HTTP/1.1" 200 7722
INFO 2020-08-16 00:54:27,219 basehttp 154 "GET /banner/ HTTP/1.1" 200 6091
INFO 2020-08-16 00:54:32,356 basehttp 154 "GET /banner/ HTTP/1.1" 200 6091
INFO 2020-08-16 00:54:41,586 basehttp 154 "GET /xadmin/ HTTP/1.1" 200 14368
INFO 2020-08-16 00:54:41,614 basehttp 154 "GET /static/xadmin/css/themes/bootstrap-xadmin.css HTTP/1.1" 304 0
INFO 2020-08-16 00:54:41,614 basehttp 154 "GET /static/xadmin/vendor/font-awesome/css/font-awesome.css HTTP/1.1" 304 0
INFO 2020-08-16 00:54:41,615 basehttp 154 "GET /static/xadmin/vendor/bootstrap/css/bootstrap.css HTTP/1.1" 304 0
INFO 2020-08-16 00:54:41,616 basehttp 154 "GET /static/xadmin/css/xadmin.main.css HTTP/1.1" 304 0
INFO 2020-08-16 00:54:41,616 basehttp 154 "GET /static/xadmin/css/xadmin.plugins.css HTTP/1.1" 304 0
INFO 2020-08-16 00:54:41,616 basehttp 154 "GET /static/xadmin/css/xadmin.responsive.css HTTP/1.1" 304 0
INFO 2020-08-16 00:54:41,625 basehttp 154 "GET /static/xadmin/vendor/jquery/jquery.js HTTP/1.1" 304 0
INFO 2020-08-16 00:54:41,626 basehttp 154 "GET /static/xadmin/vendor/jquery-ui/jquery.ui.core.js HTTP/1.1" 304 0
INFO 2020-08-16 00:54:41,626 basehttp 154 "GET /static/xadmin/vendor/jquery-ui/jquery.ui.widget.js HTTP/1.1" 304 0
INFO 2020-08-16 00:54:41,626 basehttp 154 "GET /static/xadmin/vendor/jquery-ui/jquery.ui.mouse.js HTTP/1.1" 304 0
INFO 2020-08-16 00:54:41,627 basehttp 154 "GET /static/xadmin/css/xadmin.page.dashboard.css HTTP/1.1" 200 790
INFO 2020-08-16 00:54:41,629 basehttp 154 "GET /xadmin/jsi18n/ HTTP/1.1" 200 7722
INFO 2020-08-16 00:54:41,632 basehttp 154 "GET /static/xadmin/vendor/jquery-ui/jquery.ui.sortable.js HTTP/1.1" 304 0
INFO 2020-08-16 00:54:41,633 basehttp 154 "GET /static/xadmin/vendor/bootstrap/js/bootstrap.js HTTP/1.1" 304 0
INFO 2020-08-16 00:54:41,634 basehttp 154 "GET /static/xadmin/js/xadmin.main.js HTTP/1.1" 304 0
INFO 2020-08-16 00:54:41,635 basehttp 154 "GET /static/xadmin/js/xadmin.responsive.js HTTP/1.1" 304 0
INFO 2020-08-16 00:54:41,635 basehttp 154 "GET /static/xadmin/vendor/jquery-ui/jquery.ui.effect.js HTTP/1.1" 304 0
INFO 2020-08-16 00:54:41,636 basehttp 154 "GET /static/xadmin/js/xadmin.page.dashboard.js HTTP/1.1" 200 3208
INFO 2020-08-16 00:54:41,637 basehttp 154 "GET /static/xadmin/js/xadmin.plugin.portal.js HTTP/1.1" 304 0
INFO 2020-08-16 00:54:41,638 basehttp 154 "GET /static/xadmin/js/xadmin.plugin.themes.js HTTP/1.1" 304 0
INFO 2020-08-16 00:54:41,901 basehttp 154 "GET /xadmin/ HTTP/1.1" 200 14368
INFO 2020-08-16 00:54:42,034 basehttp 154 "GET /static/xadmin/vendor/font-awesome/fonts/fontawesome-webfont.woff?v=4.0.3 HTTP/1.1" 304 0
INFO 2020-08-16 00:54:46,583 basehttp 154 "GET /xadmin/home/banner/ HTTP/1.1" 200 29549
INFO 2020-08-16 00:54:46,612 basehttp 154 "GET /static/xadmin/css/xadmin.form.css HTTP/1.1" 304 0
INFO 2020-08-16 00:54:46,627 basehttp 154 "GET /static/xadmin/js/xadmin.plugin.actions.js HTTP/1.1" 304 0
INFO 2020-08-16 00:54:46,627 basehttp 154 "GET /static/xadmin/js/xadmin.page.list.js HTTP/1.1" 304 0
INFO 2020-08-16 00:54:46,627 basehttp 154 "GET /static/xadmin/js/xadmin.plugin.filters.js HTTP/1.1" 304 0
INFO 2020-08-16 00:54:46,627 basehttp 154 "GET /static/xadmin/js/xadmin.plugin.bookmark.js HTTP/1.1" 304 0
INFO 2020-08-16 00:54:46,628 basehttp 154 "GET /static/xadmin/js/xadmin.plugin.details.js HTTP/1.1" 304 0
INFO 2020-08-16 00:54:46,632 basehttp 154 "GET /xadmin/jsi18n/ HTTP/1.1" 200 7722
INFO 2020-08-16 00:54:46,633 basehttp 154 "GET /static/xadmin/js/xadmin.page.form.js HTTP/1.1" 304 0
INFO 2020-08-16 00:54:48,831 basehttp 154 "GET /xadmin/home/banner/4/update/ HTTP/1.1" 200 20237
INFO 2020-08-16 00:54:48,857 basehttp 154 "GET /static/xadmin/vendor/bootstrap-image-gallery/css/bootstrap-image-gallery.css HTTP/1.1" 304 0
INFO 2020-08-16 00:54:48,874 basehttp 154 "GET /xadmin/jsi18n/ HTTP/1.1" 200 7722
INFO 2020-08-16 00:54:48,897 basehttp 154 "GET /static/xadmin/vendor/load-image/load-image.js HTTP/1.1" 304 0
INFO 2020-08-16 00:54:48,902 basehttp 154 "GET /static/xadmin/vendor/bootstrap-image-gallery/js/bootstrap-image-gallery.js HTTP/1.1" 304 0
INFO 2020-08-16 00:54:48,904 basehttp 154 "GET /media/banner/banner3.png HTTP/1.1" 200 361097
INFO 2020-08-16 00:54:51,223 basehttp 154 "POST /xadmin/home/banner/4/update/ HTTP/1.1" 302 0
INFO 2020-08-16 00:54:51,267 basehttp 154 "GET /xadmin/home/banner/ HTTP/1.1" 200 29790
INFO 2020-08-16 00:54:51,318 basehttp 154 "GET /xadmin/jsi18n/ HTTP/1.1" 200 7722
INFO 2020-08-16 00:54:57,939 basehttp 154 "GET /banner/ HTTP/1.1" 200 6091
INFO 2020-08-16 00:55:01,906 basehttp 154 "GET /xadmin/home/banner/ HTTP/1.1" 200 29549
INFO 2020-08-16 00:55:04,845 basehttp 154 "GET /xadmin/home/banner/4/update/ HTTP/1.1" 200 20237
INFO 2020-08-16 00:55:04,876 basehttp 154 "GET /xadmin/jsi18n/ HTTP/1.1" 200 7722
INFO 2020-08-16 00:55:04,914 basehttp 154 "GET /media/banner/banner3.png HTTP/1.1" 304 0
INFO 2020-08-16 00:55:06,879 basehttp 154 "GET /xadmin/home/banner/ HTTP/1.1" 200 29549
INFO 2020-08-16 00:55:08,057 basehttp 154 "GET /xadmin/home/banner/3/update/ HTTP/1.1" 200 20267
INFO 2020-08-16 00:55:08,094 basehttp 154 "GET /xadmin/jsi18n/ HTTP/1.1" 200 7722
INFO 2020-08-16 00:55:08,119 basehttp 154 "GET /media/banner/banner2.png HTTP/1.1" 304 0
INFO 2020-08-16 00:55:09,670 basehttp 154 "POST /xadmin/home/banner/3/update/ HTTP/1.1" 302 0
INFO 2020-08-16 00:55:09,739 basehttp 154 "GET /xadmin/home/banner/ HTTP/1.1" 200 29790
INFO 2020-08-16 00:55:09,782 basehttp 154 "GET /xadmin/jsi18n/ HTTP/1.1" 200 7722
INFO 2020-08-16 00:55:10,897 basehttp 154 "GET /xadmin/home/banner/3/update/ HTTP/1.1" 200 20267
INFO 2020-08-16 00:55:10,944 basehttp 154 "GET /xadmin/jsi18n/ HTTP/1.1" 200 7722
INFO 2020-08-16 00:55:13,319 basehttp 154 "POST /xadmin/home/banner/3/update/ HTTP/1.1" 302 0
INFO 2020-08-16 00:55:13,361 basehttp 154 "GET /xadmin/home/banner/ HTTP/1.1" 200 29790
INFO 2020-08-16 00:55:13,411 basehttp 154 "GET /xadmin/jsi18n/ HTTP/1.1" 200 7722
INFO 2020-08-16 00:55:19,407 basehttp 154 "GET /banner/ HTTP/1.1" 200 6404
INFO 2020-08-16 08:55:40,430 autoreload 578 Watching for file changes with StatReloader
INFO 2020-08-16 08:55:56,060 basehttp 154 "GET /xadmin/ HTTP/1.1" 200 14368
INFO 2020-08-16 08:55:56,084 basehttp 154 "GET /xadmin/ HTTP/1.1" 200 14368
INFO 2020-08-16 08:55:56,091 basehttp 154 "GET /static/xadmin/vendor/bootstrap/css/bootstrap.css HTTP/1.1" 304 0
INFO 2020-08-16 08:55:56,091 basehttp 154 "GET /static/xadmin/css/themes/bootstrap-xadmin.css HTTP/1.1" 304 0
INFO 2020-08-16 08:55:56,092 basehttp 154 "GET /static/xadmin/css/xadmin.main.css HTTP/1.1" 304 0
INFO 2020-08-16 08:55:56,092 basehttp 154 "GET /static/xadmin/vendor/font-awesome/css/font-awesome.css HTTP/1.1" 304 0
INFO 2020-08-16 08:55:56,093 basehttp 154 "GET /static/xadmin/css/xadmin.responsive.css HTTP/1.1" 304 0
INFO 2020-08-16 08:55:56,093 basehttp 154 "GET /static/xadmin/css/xadmin.plugins.css HTTP/1.1" 304 0
INFO 2020-08-16 08:55:56,103 basehttp 154 "GET /static/xadmin/vendor/jquery/jquery.js HTTP/1.1" 304 0
INFO 2020-08-16 08:55:56,103 basehttp 154 "GET /static/xadmin/css/xadmin.page.dashboard.css HTTP/1.1" 304 0
INFO 2020-08-16 08:55:56,109 basehttp 154 "GET /xadmin/jsi18n/ HTTP/1.1" 200 7722
INFO 2020-08-16 08:55:56,113 basehttp 154 "GET /static/xadmin/vendor/jquery-ui/jquery.ui.widget.js HTTP/1.1" 304 0
INFO 2020-08-16 08:55:56,113 basehttp 154 "GET /static/xadmin/vendor/jquery-ui/jquery.ui.core.js HTTP/1.1" 304 0
INFO 2020-08-16 08:55:56,114 basehttp 154 "GET /static/xadmin/vendor/jquery-ui/jquery.ui.mouse.js HTTP/1.1" 304 0
INFO 2020-08-16 08:55:56,127 basehttp 154 "GET /static/xadmin/vendor/bootstrap/js/bootstrap.js HTTP/1.1" 304 0
INFO 2020-08-16 08:55:56,127 basehttp 154 "GET /static/xadmin/vendor/jquery-ui/jquery.ui.sortable.js HTTP/1.1" 304 0
INFO 2020-08-16 08:55:56,127 basehttp 154 "GET /static/xadmin/js/xadmin.main.js HTTP/1.1" 304 0
INFO 2020-08-16 08:55:56,133 basehttp 154 "GET /static/xadmin/js/xadmin.page.dashboard.js HTTP/1.1" 304 0
INFO 2020-08-16 08:55:56,133 basehttp 154 "GET /static/xadmin/js/xadmin.responsive.js HTTP/1.1" 304 0
INFO 2020-08-16 08:55:56,134 basehttp 154 "GET /static/xadmin/vendor/jquery-ui/jquery.ui.effect.js HTTP/1.1" 304 0
INFO 2020-08-16 08:55:56,144 basehttp 154 "GET /static/xadmin/js/xadmin.plugin.portal.js HTTP/1.1" 304 0
INFO 2020-08-16 08:55:56,145 basehttp 154 "GET /static/xadmin/js/xadmin.plugin.themes.js HTTP/1.1" 304 0
INFO 2020-08-16 08:55:56,252 basehttp 154 "GET /static/xadmin/vendor/font-awesome/fonts/fontawesome-webfont.woff?v=4.0.3 HTTP/1.1" 304 0
WARNING 2020-08-16 08:55:56,281 log 222 Not Found: /favicon.ico
WARNING 2020-08-16 08:55:56,281 basehttp 154 "GET /favicon.ico HTTP/1.1" 404 2261
INFO 2020-08-16 08:56:28,409 autoreload 578 Watching for file changes with StatReloader
INFO 2020-08-16 08:56:48,479 basehttp 154 "GET /xadmin/ HTTP/1.1" 200 14374
INFO 2020-08-16 08:56:48,533 basehttp 154 "GET /xadmin/jsi18n/ HTTP/1.1" 200 7722
